<?xml version="1.0" encoding="UTF-8"?>
<!-- Generated by org.testng.reporters.JUnitReportReporter -->
<testsuite hostname="DESKTOP-LJU90DT" failures="0" tests="1" name="runner.RunCuke" time="0.563" errors="0" timestamp="2024-01-16T01:17:02 IST" skipped="0">
  <testcase classname="runner.RunCuke" name="runScenario" time="0.563"/>
  <system-out/>
</testsuite> <!-- runner.RunCuke -->
